[ 2020-05-06T10:37:30+08:00 ] ::1 /favicon.ico
INFO: [ app_init ] --START--
INFO: Run Behavior\BuildLiteBehavior [ RunTime:0.000023s ]
INFO: [ app_init ] --END-- [ RunTime:0.000732s ]
ERR: 无法加载模块:Favicon

[ 2020-05-06T21:42:16+08:00 ] ::1 /favicon.ico
INFO: [ app_init ] --START--
INFO: Run Behavior\BuildLiteBehavior [ RunTime:0.000018s ]
INFO: [ app_init ] --END-- [ RunTime:0.000494s ]
ERR: 无法加载模块:Favicon

[ 2020-05-06T22:04:56+08:00 ] ::1 /Public/Uploads/Goods/2020-05-06/thumb_3_5eb2c1cf316e1.jpg
INFO: [ app_init ] --START--
INFO: Run Behavior\BuildLiteBehavior [ RunTime:0.000022s ]
INFO: [ app_init ] --END-- [ RunTime:0.000576s ]
ERR: 无法加载模块:Public

[ 2020-05-06T22:05:46+08:00 ] ::1 /Public/Uploads/Goods/2020-05-06/thumb_3_5eb2c1cf316e1.jpg
INFO: [ app_init ] --START--
INFO: Run Behavior\BuildLiteBehavior [ RunTime:0.000025s ]
INFO: [ app_init ] --END-- [ RunTime:0.003640s ]
ERR: 无法加载模块:Public

[ 2020-05-06T22:06:03+08:00 ] ::1 /Public/Uploads/Goods/2020-05-06/thumb_3_5eb2c1cf316e1.jpg
INFO: [ app_init ] --START--
INFO: Run Behavior\BuildLiteBehavior [ RunTime:0.000023s ]
INFO: [ app_init ] --END-- [ RunTime:0.000824s ]
ERR: 无法加载模块:Public

[ 2020-05-06T22:06:26+08:00 ] ::1 /Public/Uploads/Goods/2020-05-06/thumb_3_5eb2c1cf316e1.jpg
INFO: [ app_init ] --START--
INFO: Run Behavior\BuildLiteBehavior [ RunTime:0.000023s ]
INFO: [ app_init ] --END-- [ RunTime:0.001165s ]
ERR: 无法加载模块:Public

[ 2020-05-06T22:10:57+08:00 ] ::1 /Public/Uploads/Goods/2020-05-06/thumb_3_5eb2c468e231c.jpg
INFO: [ app_init ] --START--
INFO: Run Behavior\BuildLiteBehavior [ RunTime:0.000023s ]
INFO: [ app_init ] --END-- [ RunTime:0.000613s ]
ERR: 无法加载模块:Public

[ 2020-05-06T22:10:57+08:00 ] ::1 /Public/Uploads/Goods/2020-05-06/thumb_3_5eb2c50a97bf2.jpg
INFO: [ app_init ] --START--
INFO: Run Behavior\BuildLiteBehavior [ RunTime:0.000020s ]
INFO: [ app_init ] --END-- [ RunTime:0.000660s ]
ERR: 无法加载模块:Public

[ 2020-05-06T22:11:13+08:00 ] ::1 /Public/Uploads/Goods/2020-05-06/thumb_3_5eb2c50a97bf2.jpg
INFO: [ app_init ] --START--
INFO: Run Behavior\BuildLiteBehavior [ RunTime:0.000028s ]
INFO: [ app_init ] --END-- [ RunTime:0.000729s ]
ERR: 无法加载模块:Public

[ 2020-05-06T22:11:13+08:00 ] ::1 /Public/Uploads/Goods/2020-05-06/thumb_3_5eb2c468e231c.jpg
INFO: [ app_init ] --START--
INFO: Run Behavior\BuildLiteBehavior [ RunTime:0.000024s ]
INFO: [ app_init ] --END-- [ RunTime:0.001235s ]
ERR: 无法加载模块:Public

[ 2020-05-06T22:11:51+08:00 ] ::1 /Public/Uploads/Goods/2020-05-06/thumb_3_5eb2c50a97bf2.jpg
INFO: [ app_init ] --START--
INFO: Run Behavior\BuildLiteBehavior [ RunTime:0.000021s ]
INFO: [ app_init ] --END-- [ RunTime:0.000539s ]
ERR: 无法加载模块:Public

[ 2020-05-06T22:11:51+08:00 ] ::1 /Public/Uploads/Goods/2020-05-06/thumb_3_5eb2c468e231c.jpg
INFO: [ app_init ] --START--
INFO: Run Behavior\BuildLiteBehavior [ RunTime:0.000023s ]
INFO: [ app_init ] --END-- [ RunTime:0.000609s ]
ERR: 无法加载模块:Public

[ 2020-05-06T22:13:05+08:00 ] ::1 /Public/Uploads/Goods/2020-05-06/thumb_3_5eb2c50a97bf2.jpg
INFO: [ app_init ] --START--
INFO: Run Behavior\BuildLiteBehavior [ RunTime:0.000025s ]
INFO: [ app_init ] --END-- [ RunTime:0.011910s ]
ERR: 无法加载模块:Public

[ 2020-05-06T22:13:06+08:00 ] ::1 /Public/Uploads/Goods/2020-05-06/thumb_3_5eb2c468e231c.jpg
INFO: [ app_init ] --START--
INFO: Run Behavior\BuildLiteBehavior [ RunTime:0.000028s ]
INFO: [ app_init ] --END-- [ RunTime:0.000663s ]
ERR: 无法加载模块:Public

[ 2020-05-06T22:13:21+08:00 ] ::1 /Public/Uploads/Goods/2020-05-06/thumb_3_5eb2c5f05bd41.jpg
INFO: [ app_init ] --START--
INFO: Run Behavior\BuildLiteBehavior [ RunTime:0.000019s ]
INFO: [ app_init ] --END-- [ RunTime:0.000522s ]
ERR: 无法加载模块:Public

[ 2020-05-06T22:13:29+08:00 ] ::1 /Public/Uploads/Goods/2020-05-06/thumb_3_5eb2c50a97bf2.jpg
INFO: [ app_init ] --START--
INFO: Run Behavior\BuildLiteBehavior [ RunTime:0.000021s ]
INFO: [ app_init ] --END-- [ RunTime:0.000575s ]
ERR: 无法加载模块:Public

[ 2020-05-06T22:13:29+08:00 ] ::1 /Public/Uploads/Goods/2020-05-06/thumb_3_5eb2c468e231c.jpg
INFO: [ app_init ] --START--
INFO: Run Behavior\BuildLiteBehavior [ RunTime:0.000022s ]
INFO: [ app_init ] --END-- [ RunTime:0.000562s ]
ERR: 无法加载模块:Public

[ 2020-05-06T22:14:03+08:00 ] ::1 /Public/Uploads/Goods/2020-05-06/thumb_3_5eb2c50a97bf2.jpg
INFO: [ app_init ] --START--
INFO: Run Behavior\BuildLiteBehavior [ RunTime:0.000022s ]
INFO: [ app_init ] --END-- [ RunTime:0.000588s ]
ERR: 无法加载模块:Public

[ 2020-05-06T22:14:04+08:00 ] ::1 /Public/Uploads/Goods/2020-05-06/thumb_3_5eb2c468e231c.jpg
INFO: [ app_init ] --START--
INFO: Run Behavior\BuildLiteBehavior [ RunTime:0.000021s ]
INFO: [ app_init ] --END-- [ RunTime:0.000466s ]
ERR: 无法加载模块:Public

[ 2020-05-06T22:14:56+08:00 ] ::1 /Public/Uploads/Goods/2020-05-06/thumb_3_5eb2c50a97bf2.jpg
INFO: [ app_init ] --START--
INFO: Run Behavior\BuildLiteBehavior [ RunTime:0.000023s ]
INFO: [ app_init ] --END-- [ RunTime:0.000983s ]
ERR: 无法加载模块:Public

[ 2020-05-06T22:14:56+08:00 ] ::1 /Public/Uploads/Goods/2020-05-06/thumb_3_5eb2c468e231c.jpg
INFO: [ app_init ] --START--
INFO: Run Behavior\BuildLiteBehavior [ RunTime:0.000022s ]
INFO: [ app_init ] --END-- [ RunTime:0.000800s ]
ERR: 无法加载模块:Public

[ 2020-05-06T22:15:06+08:00 ] ::1 /Public/Uploads/Goods/2020-05-06/thumb_3_5eb2c50a97bf2.jpg
INFO: [ app_init ] --START--
INFO: Run Behavior\BuildLiteBehavior [ RunTime:0.000022s ]
INFO: [ app_init ] --END-- [ RunTime:0.000475s ]
ERR: 无法加载模块:Public

[ 2020-05-06T22:15:06+08:00 ] ::1 /Public/Uploads/Goods/2020-05-06/thumb_3_5eb2c468e231c.jpg
INFO: [ app_init ] --START--
INFO: Run Behavior\BuildLiteBehavior [ RunTime:0.000021s ]
INFO: [ app_init ] --END-- [ RunTime:0.000572s ]
ERR: 无法加载模块:Public

